<?xml version="1.0" encoding="UTF-8"?><testsuite errors="1" failures="0" name="org.ejohn.BClassTest" tests="2" time="0.013" timestamp="10-12-31T06:51:30"><system-out><![CDATA[31.12.2010 18:51:29 - FAIL  Died on test #1: "availableInOtherTest" is not defined.
31.12.2010 18:51:29 - Test Extned
31.12.2010 18:51:29 - Create new Person
31.12.2010 18:51:29 - Create new Ninja
31.12.2010 18:51:29 - Check instance of...
]]></system-out><testcase classname="org.ejohn.BClassTest" name="Interface" time="0.0080"><error message="">FAIL  Died on test #1: "availableInOtherTest" is not defined.
</error></testcase><testcase classname="org.ejohn.BClassTest" name="Extend" time="0.0050"/></testsuite>