<?xml version="1.0" encoding="UTF-8"?><testsuite errors="0" failures="0" name="org.other.COMTest" tests="1" time="0.0030" timestamp="10-12-31T06:51:30"><system-out/><testcase classname="org.other.COMTest" name="Value" time="0.0030"/></testsuite>