<?xml version="1.0" encoding="UTF-8"?><testsuite errors="0" failures="0" name="org.ejohn.AClassTest" tests="2" time="0.0020" timestamp="10-12-03T12:14:48"><system-out><![CDATA[03.12.2010 00:14:39 - Test Extned
03.12.2010 00:14:39 - Create new Person
03.12.2010 00:14:39 - Create new Ninja
03.12.2010 00:14:39 - Check instance of...
]]></system-out><testcase classname="org.ejohn.AClassTest" name="Interface" time="0.0010"/><testcase classname="org.ejohn.AClassTest" name="Extend" time="0.0010"/></testsuite>