<?xml version="1.0" encoding="UTF-8"?><testsuite errors="0" failures="0" name="org.ejohn.BClassTest" tests="2" time="0.0" timestamp="10-12-02T11:12:53"><system-out/><testcase classname="org.ejohn.BClassTest" name="Interface" time="0.0"/><testcase classname="org.ejohn.BClassTest" name="Extend" time="0.0"/></testsuite>